Analysis & Synthesis report for ARKLED_Switch_Keys
Sun Nov 22 22:50:54 2020
Quartus Prime Version 20.1.0 Build 711 06/05/2020 SJ Lite Edition


---------------------
; Table of Contents ;
---------------------
  1. Legal Notice
  2. Analysis & Synthesis Summary
  3. Analysis & Synthesis Settings
  4. Parallel Compilation
  5. Analysis & Synthesis Source Files Read
  6. Analysis & Synthesis Resource Usage Summary
  7. Analysis & Synthesis Resource Utilization by Entity
  8. User-Specified and Inferred Latches
  9. General Register Statistics
 10. Multiplexer Restructuring Statistics (Restructuring Performed)
 11. Analysis & Synthesis Messages
 12. Analysis & Synthesis Suppressed Messages



----------------
; Legal Notice ;
----------------
Copyright (C) 2020  Intel Corporation. All rights reserved.
Your use of Intel Corporation's design tools, logic functions 
and other software and tools, and any partner logic 
functions, and any output files from any of the foregoing 
(including device programming or simulation files), and any 
associated documentation or information are expressly subject 
to the terms and conditions of the Intel Program License 
Subscription Agreement, the Intel Quartus Prime License Agreement,
the Intel FPGA IP License Agreement, or other applicable license
agreement, including, without limitation, that your use is for
the sole purpose of programming logic devices manufactured by
Intel and sold by Intel or its authorized distributors.  Please
refer to the applicable agreement for further details, at
https://fpgasoftware.intel.com/eula.



+---------------------------------------------------------------------------+
; Analysis & Synthesis Summary                                              ;
+-----------------------------+---------------------------------------------+
; Analysis & Synthesis Status ; Successful - Sun Nov 22 22:50:54 2020       ;
; Quartus Prime Version       ; 20.1.0 Build 711 06/05/2020 SJ Lite Edition ;
; Revision Name               ; ARKLED_Switch_Keys                          ;
; Top-level Entity Name       ; ARKLED_Switch_Keys                          ;
; Family                      ; MAX II                                      ;
; Total logic elements        ; 192                                         ;
; Total pins                  ; 52                                          ;
; Total virtual pins          ; 0                                           ;
; UFM blocks                  ; 0 / 1 ( 0 % )                               ;
+-----------------------------+---------------------------------------------+


+------------------------------------------------------------------------------------------------------------+
; Analysis & Synthesis Settings                                                                              ;
+------------------------------------------------------------------+--------------------+--------------------+
; Option                                                           ; Setting            ; Default Value      ;
+------------------------------------------------------------------+--------------------+--------------------+
; Device                                                           ; EPM1270T144C5      ;                    ;
; Top-level entity name                                            ; ARKLED_Switch_Keys ; ARKLED_Switch_Keys ;
; Family name                                                      ; MAX II             ; Cyclone V          ;
; Use smart compilation                                            ; Off                ; Off                ;
; Enable parallel Assembler and Timing Analyzer during compilation ; On                 ; On                 ;
; Enable compact report table                                      ; Off                ; Off                ;
; Restructure Multiplexers                                         ; Auto               ; Auto               ;
; Create Debugging Nodes for IP Cores                              ; Off                ; Off                ;
; Preserve fewer node names                                        ; On                 ; On                 ;
; Intel FPGA IP Evaluation Mode                                    ; Enable             ; Enable             ;
; Verilog Version                                                  ; Verilog_2001       ; Verilog_2001       ;
; VHDL Version                                                     ; VHDL_1993          ; VHDL_1993          ;
; State Machine Processing                                         ; Auto               ; Auto               ;
; Safe State Machine                                               ; Off                ; Off                ;
; Extract Verilog State Machines                                   ; On                 ; On                 ;
; Extract VHDL State Machines                                      ; On                 ; On                 ;
; Ignore Verilog initial constructs                                ; Off                ; Off                ;
; Iteration limit for constant Verilog loops                       ; 5000               ; 5000               ;
; Iteration limit for non-constant Verilog loops                   ; 250                ; 250                ;
; Add Pass-Through Logic to Inferred RAMs                          ; On                 ; On                 ;
; Infer RAMs from Raw Logic                                        ; On                 ; On                 ;
; Parallel Synthesis                                               ; On                 ; On                 ;
; NOT Gate Push-Back                                               ; On                 ; On                 ;
; Power-Up Don't Care                                              ; On                 ; On                 ;
; Remove Redundant Logic Cells                                     ; Off                ; Off                ;
; Remove Duplicate Registers                                       ; On                 ; On                 ;
; Ignore CARRY Buffers                                             ; Off                ; Off                ;
; Ignore CASCADE Buffers                                           ; Off                ; Off                ;
; Ignore GLOBAL Buffers                                            ; Off                ; Off                ;
; Ignore ROW GLOBAL Buffers                                        ; Off                ; Off                ;
; Ignore LCELL Buffers                                             ; Off                ; Off                ;
; Ignore SOFT Buffers                                              ; On                 ; On                 ;
; Limit AHDL Integers to 32 Bits                                   ; Off                ; Off                ;
; Optimization Technique                                           ; Balanced           ; Balanced           ;
; Carry Chain Length                                               ; 70                 ; 70                 ;
; Auto Carry Chains                                                ; On                 ; On                 ;
; Auto Open-Drain Pins                                             ; On                 ; On                 ;
; Perform WYSIWYG Primitive Resynthesis                            ; Off                ; Off                ;
; Auto Shift Register Replacement                                  ; Auto               ; Auto               ;
; Allow Shift Register Merging across Hierarchies                  ; Auto               ; Auto               ;
; Auto Clock Enable Replacement                                    ; On                 ; On                 ;
; Allow Synchronous Control Signals                                ; On                 ; On                 ;
; Force Use of Synchronous Clear Signals                           ; Off                ; Off                ;
; Auto Resource Sharing                                            ; Off                ; Off                ;
; Use LogicLock Constraints during Resource Balancing              ; On                 ; On                 ;
; Ignore translate_off and synthesis_off directives                ; Off                ; Off                ;
; Report Parameter Settings                                        ; On                 ; On                 ;
; Report Source Assignments                                        ; On                 ; On                 ;
; Report Connectivity Checks                                       ; On                 ; On                 ;
; Ignore Maximum Fan-Out Assignments                               ; Off                ; Off                ;
; Synchronization Register Chain Length                            ; 2                  ; 2                  ;
; Power Optimization During Synthesis                              ; Normal compilation ; Normal compilation ;
; HDL message level                                                ; Level2             ; Level2             ;
; Suppress Register Optimization Related Messages                  ; Off                ; Off                ;
; Number of Removed Registers Reported in Synthesis Report         ; 5000               ; 5000               ;
; Number of Swept Nodes Reported in Synthesis Report               ; 5000               ; 5000               ;
; Number of Inverted Registers Reported in Synthesis Report        ; 100                ; 100                ;
; Clock MUX Protection                                             ; On                 ; On                 ;
; Block Design Naming                                              ; Auto               ; Auto               ;
; Synthesis Effort                                                 ; Auto               ; Auto               ;
; Shift Register Replacement - Allow Asynchronous Clear Signal     ; On                 ; On                 ;
; Analysis & Synthesis Message Level                               ; Medium             ; Medium             ;
; Disable Register Merging Across Hierarchies                      ; Auto               ; Auto               ;
+------------------------------------------------------------------+--------------------+--------------------+


+------------------------------------------+
; Parallel Compilation                     ;
+----------------------------+-------------+
; Processors                 ; Number      ;
+----------------------------+-------------+
; Number detected on machine ; 12          ;
; Maximum allowed            ; 6           ;
;                            ;             ;
; Average used               ; 1.00        ;
; Maximum used               ; 1           ;
;                            ;             ;
; Usage by Processor         ; % Time Used ;
;     Processor 1            ; 100.0%      ;
+----------------------------+-------------+


+-------------------------------------------------------------------------------------------------------------------------------------------+
; Analysis & Synthesis Source Files Read                                                                                                    ;
+----------------------------------+-----------------+------------------------+---------------------------------------------------+---------+
; File Name with User-Entered Path ; Used in Netlist ; File Type              ; File Name with Absolute Path                      ; Library ;
+----------------------------------+-----------------+------------------------+---------------------------------------------------+---------+
; ARKLED_2020.11.17.v              ; yes             ; User Verilog HDL File  ; D:/QuartusProjects/Experimen2/ARKLED_2020.11.17.v ;         ;
+----------------------------------+-----------------+------------------------+---------------------------------------------------+---------+


+-----------------------------------------------------+
; Analysis & Synthesis Resource Usage Summary         ;
+---------------------------------------------+-------+
; Resource                                    ; Usage ;
+---------------------------------------------+-------+
; Total logic elements                        ; 192   ;
;     -- Combinational with no register       ; 163   ;
;     -- Register only                        ; 13    ;
;     -- Combinational with a register        ; 16    ;
;                                             ;       ;
; Logic element usage by number of LUT inputs ;       ;
;     -- 4 input functions                    ; 101   ;
;     -- 3 input functions                    ; 33    ;
;     -- 2 input functions                    ; 43    ;
;     -- 1 input functions                    ; 2     ;
;     -- 0 input functions                    ; 0     ;
;                                             ;       ;
; Logic elements by mode                      ;       ;
;     -- normal mode                          ; 173   ;
;     -- arithmetic mode                      ; 19    ;
;     -- qfbk mode                            ; 0     ;
;     -- register cascade mode                ; 0     ;
;     -- synchronous clear/load mode          ; 0     ;
;     -- asynchronous clear/load mode         ; 0     ;
;                                             ;       ;
; Total registers                             ; 29    ;
; Total logic cells in carry chains           ; 20    ;
; I/O pins                                    ; 52    ;
; Maximum fan-out node                        ; CLK   ;
; Maximum fan-out                             ; 29    ;
; Total fan-out                               ; 663   ;
; Average fan-out                             ; 2.72  ;
+---------------------------------------------+-------+


+----------------------------------------------------------------------------------------------------------------------------------------------------------------------------------------------------------------------------------------------------------+
; Analysis & Synthesis Resource Utilization by Entity                                                                                                                                                                                                      ;
+----------------------------+-------------+--------------+------------+------+--------------+--------------+-------------------+------------------+-----------------+------------+------------------------------------+--------------------+--------------+
; Compilation Hierarchy Node ; Logic Cells ; LC Registers ; UFM Blocks ; Pins ; Virtual Pins ; LUT-Only LCs ; Register-Only LCs ; LUT/Register LCs ; Carry Chain LCs ; Packed LCs ; Full Hierarchy Name                ; Entity Name        ; Library Name ;
+----------------------------+-------------+--------------+------------+------+--------------+--------------+-------------------+------------------+-----------------+------------+------------------------------------+--------------------+--------------+
; |ARKLED_Switch_Keys        ; 192 (0)     ; 29           ; 0          ; 52   ; 0            ; 163 (0)      ; 13 (0)            ; 16 (0)           ; 20 (0)          ; 0 (0)      ; |ARKLED_Switch_Keys                ; ARKLED_Switch_Keys ; work         ;
;    |ARKPrinter:m3|         ; 37 (37)     ; 0            ; 0          ; 0    ; 0            ; 37 (37)      ; 0 (0)             ; 0 (0)            ; 0 (0)           ; 0 (0)      ; |ARKLED_Switch_Keys|ARKPrinter:m3  ; ARKPrinter         ; work         ;
;    |AutoMode:m1|           ; 66 (66)     ; 21           ; 0          ; 0    ; 0            ; 45 (45)      ; 13 (13)           ; 8 (8)            ; 20 (20)         ; 0 (0)      ; |ARKLED_Switch_Keys|AutoMode:m1    ; AutoMode           ; work         ;
;    |Beeper:m4|             ; 68 (68)     ; 5            ; 0          ; 0    ; 0            ; 63 (63)      ; 0 (0)             ; 5 (5)            ; 0 (0)           ; 0 (0)      ; |ARKLED_Switch_Keys|Beeper:m4      ; Beeper             ; work         ;
;    |Mod8Counter:m2|        ; 3 (3)       ; 3            ; 0          ; 0    ; 0            ; 0 (0)        ; 0 (0)             ; 3 (3)            ; 0 (0)           ; 0 (0)      ; |ARKLED_Switch_Keys|Mod8Counter:m2 ; Mod8Counter        ; work         ;
;    |SEGPrinter:m5|         ; 18 (18)     ; 0            ; 0          ; 0    ; 0            ; 18 (18)      ; 0 (0)             ; 0 (0)            ; 0 (0)           ; 0 (0)      ; |ARKLED_Switch_Keys|SEGPrinter:m5  ; SEGPrinter         ; work         ;
+----------------------------+-------------+--------------+------------+------+--------------+--------------+-------------------+------------------+-----------------+------------+------------------------------------+--------------------+--------------+
Note: For table entries with two numbers listed, the numbers in parentheses indicate the number of resources of the given type used by the specific entity alone. The numbers listed outside of parentheses indicate the total resources of the given type used by the specific entity and all of its sub-entities in the hierarchy.


+-----------------------------------------------------------------------------------------------------+
; User-Specified and Inferred Latches                                                                 ;
+----------------------------------------------------+-----------------------+------------------------+
; Latch Name                                         ; Latch Enable Signal   ; Free of Timing Hazards ;
+----------------------------------------------------+-----------------------+------------------------+
; AutoMode:m1|BeatsCounter[2]                        ; AutoMode:m1|FullBeats ; yes                    ;
; AutoMode:m1|BeatsCounter[1]                        ; AutoMode:m1|FullBeats ; yes                    ;
; AutoMode:m1|BeatsCounter[3]                        ; AutoMode:m1|FullBeats ; yes                    ;
; AutoMode:m1|BeatsCounter[0]                        ; AutoMode:m1|FullBeats ; yes                    ;
; Number of user-specified and inferred latches = 4  ;                       ;                        ;
+----------------------------------------------------+-----------------------+------------------------+
Note: All latches listed above may not be present at the end of synthesis due to various synthesis optimizations.


+------------------------------------------------------+
; General Register Statistics                          ;
+----------------------------------------------+-------+
; Statistic                                    ; Value ;
+----------------------------------------------+-------+
; Total registers                              ; 29    ;
; Number of registers using Synchronous Clear  ; 0     ;
; Number of registers using Synchronous Load   ; 0     ;
; Number of registers using Asynchronous Clear ; 0     ;
; Number of registers using Asynchronous Load  ; 0     ;
; Number of registers using Clock Enable       ; 0     ;
; Number of registers using Preset             ; 0     ;
+----------------------------------------------+-------+


+--------------------------------------------------------------------------------------------------------------------------------------------------------------+
; Multiplexer Restructuring Statistics (Restructuring Performed)                                                                                               ;
+--------------------+-----------+---------------+----------------------+------------------------+------------+------------------------------------------------+
; Multiplexer Inputs ; Bus Width ; Baseline Area ; Area if Restructured ; Saving if Restructured ; Registered ; Example Multiplexer Output                     ;
+--------------------+-----------+---------------+----------------------+------------------------+------------+------------------------------------------------+
; 4:1                ; 7 bits    ; 14 LEs        ; 7 LEs                ; 7 LEs                  ; No         ; |ARKLED_Switch_Keys|ARKPrinter:m3|COL_GREEN[5] ;
; 5:1                ; 7 bits    ; 21 LEs        ; 14 LEs               ; 7 LEs                  ; No         ; |ARKLED_Switch_Keys|Beeper:m4|f[1]             ;
+--------------------+-----------+---------------+----------------------+------------------------+------------+------------------------------------------------+


+-------------------------------+
; Analysis & Synthesis Messages ;
+-------------------------------+
Info: *******************************************************************
Info: Running Quartus Prime Analysis & Synthesis
    Info: Version 20.1.0 Build 711 06/05/2020 SJ Lite Edition
    Info: Processing started: Sun Nov 22 22:50:39 2020
Info: Command: quartus_map --read_settings_files=on --write_settings_files=off ARKLED_Switch_Keys -c ARKLED_Switch_Keys
Warning (18236): Number of processors has not been specified which may cause overloading on shared machines.  Set the global assignment NUM_PARALLEL_PROCESSORS in your QSF to an appropriate value for best performance.
Info (20030): Parallel compilation is enabled and will use 6 of the 6 processors detected
Info (12021): Found 6 design units, including 6 entities, in source file arkled_2020.11.17.v
    Info (12023): Found entity 1: ARKLED_Switch_Keys File: D:/QuartusProjects/Experimen2/ARKLED_2020.11.17.v Line: 4
    Info (12023): Found entity 2: Mod8Counter File: D:/QuartusProjects/Experimen2/ARKLED_2020.11.17.v Line: 88
    Info (12023): Found entity 3: ARKPrinter File: D:/QuartusProjects/Experimen2/ARKLED_2020.11.17.v Line: 105
    Info (12023): Found entity 4: Beeper File: D:/QuartusProjects/Experimen2/ARKLED_2020.11.17.v Line: 393
    Info (12023): Found entity 5: SEGPrinter File: D:/QuartusProjects/Experimen2/ARKLED_2020.11.17.v Line: 489
    Info (12023): Found entity 6: AutoMode File: D:/QuartusProjects/Experimen2/ARKLED_2020.11.17.v Line: 511
Info (12127): Elaborating entity "ARKLED_Switch_Keys" for the top level hierarchy
Info (12128): Elaborating entity "AutoMode" for hierarchy "AutoMode:m1" File: D:/QuartusProjects/Experimen2/ARKLED_2020.11.17.v Line: 31
Warning (10235): Verilog HDL Always Construct warning at ARKLED_2020.11.17.v(540): variable "BeatsCounter" is read inside the Always Construct but isn't in the Always Construct's Event Control File: D:/QuartusProjects/Experimen2/ARKLED_2020.11.17.v Line: 540
Warning (10235): Verilog HDL Always Construct warning at ARKLED_2020.11.17.v(544): variable "BeatsCounter" is read inside the Always Construct but isn't in the Always Construct's Event Control File: D:/QuartusProjects/Experimen2/ARKLED_2020.11.17.v Line: 544
Warning (10240): Verilog HDL Always Construct warning at ARKLED_2020.11.17.v(538): inferring latch(es) for variable "BeatsCounter", which holds its previous value in one or more paths through the always construct File: D:/QuartusProjects/Experimen2/ARKLED_2020.11.17.v Line: 538
Info (10041): Inferred latch for "BeatsCounter[0]" at ARKLED_2020.11.17.v(539) File: D:/QuartusProjects/Experimen2/ARKLED_2020.11.17.v Line: 539
Info (10041): Inferred latch for "BeatsCounter[1]" at ARKLED_2020.11.17.v(539) File: D:/QuartusProjects/Experimen2/ARKLED_2020.11.17.v Line: 539
Info (10041): Inferred latch for "BeatsCounter[2]" at ARKLED_2020.11.17.v(539) File: D:/QuartusProjects/Experimen2/ARKLED_2020.11.17.v Line: 539
Info (10041): Inferred latch for "BeatsCounter[3]" at ARKLED_2020.11.17.v(539) File: D:/QuartusProjects/Experimen2/ARKLED_2020.11.17.v Line: 539
Info (12128): Elaborating entity "Mod8Counter" for hierarchy "Mod8Counter:m2" File: D:/QuartusProjects/Experimen2/ARKLED_2020.11.17.v Line: 32
Info (12128): Elaborating entity "ARKPrinter" for hierarchy "ARKPrinter:m3" File: D:/QuartusProjects/Experimen2/ARKLED_2020.11.17.v Line: 33
Warning (10235): Verilog HDL Always Construct warning at ARKLED_2020.11.17.v(323): variable "Switch" is read inside the Always Construct but isn't in the Always Construct's Event Control File: D:/QuartusProjects/Experimen2/ARKLED_2020.11.17.v Line: 323
Warning (10235): Verilog HDL Always Construct warning at ARKLED_2020.11.17.v(336): variable "Switch" is read inside the Always Construct but isn't in the Always Construct's Event Control File: D:/QuartusProjects/Experimen2/ARKLED_2020.11.17.v Line: 336
Warning (10235): Verilog HDL Always Construct warning at ARKLED_2020.11.17.v(338): variable "ZeroBits" is read inside the Always Construct but isn't in the Always Construct's Event Control File: D:/QuartusProjects/Experimen2/ARKLED_2020.11.17.v Line: 338
Warning (10235): Verilog HDL Always Construct warning at ARKLED_2020.11.17.v(339): variable "ZeroBits" is read inside the Always Construct but isn't in the Always Construct's Event Control File: D:/QuartusProjects/Experimen2/ARKLED_2020.11.17.v Line: 339
Warning (10235): Verilog HDL Always Construct warning at ARKLED_2020.11.17.v(340): variable "ZeroBits" is read inside the Always Construct but isn't in the Always Construct's Event Control File: D:/QuartusProjects/Experimen2/ARKLED_2020.11.17.v Line: 340
Warning (10235): Verilog HDL Always Construct warning at ARKLED_2020.11.17.v(341): variable "ZeroBits" is read inside the Always Construct but isn't in the Always Construct's Event Control File: D:/QuartusProjects/Experimen2/ARKLED_2020.11.17.v Line: 341
Warning (10235): Verilog HDL Always Construct warning at ARKLED_2020.11.17.v(342): variable "ZeroBits" is read inside the Always Construct but isn't in the Always Construct's Event Control File: D:/QuartusProjects/Experimen2/ARKLED_2020.11.17.v Line: 342
Warning (10235): Verilog HDL Always Construct warning at ARKLED_2020.11.17.v(343): variable "ZeroBits" is read inside the Always Construct but isn't in the Always Construct's Event Control File: D:/QuartusProjects/Experimen2/ARKLED_2020.11.17.v Line: 343
Warning (10235): Verilog HDL Always Construct warning at ARKLED_2020.11.17.v(344): variable "ZeroBits" is read inside the Always Construct but isn't in the Always Construct's Event Control File: D:/QuartusProjects/Experimen2/ARKLED_2020.11.17.v Line: 344
Warning (10235): Verilog HDL Always Construct warning at ARKLED_2020.11.17.v(345): variable "ZeroBits" is read inside the Always Construct but isn't in the Always Construct's Event Control File: D:/QuartusProjects/Experimen2/ARKLED_2020.11.17.v Line: 345
Warning (10235): Verilog HDL Always Construct warning at ARKLED_2020.11.17.v(349): variable "Switch" is read inside the Always Construct but isn't in the Always Construct's Event Control File: D:/QuartusProjects/Experimen2/ARKLED_2020.11.17.v Line: 349
Warning (10235): Verilog HDL Always Construct warning at ARKLED_2020.11.17.v(351): variable "ZeroBits" is read inside the Always Construct but isn't in the Always Construct's Event Control File: D:/QuartusProjects/Experimen2/ARKLED_2020.11.17.v Line: 351
Warning (10235): Verilog HDL Always Construct warning at ARKLED_2020.11.17.v(352): variable "ZeroBits" is read inside the Always Construct but isn't in the Always Construct's Event Control File: D:/QuartusProjects/Experimen2/ARKLED_2020.11.17.v Line: 352
Warning (10235): Verilog HDL Always Construct warning at ARKLED_2020.11.17.v(353): variable "ZeroBits" is read inside the Always Construct but isn't in the Always Construct's Event Control File: D:/QuartusProjects/Experimen2/ARKLED_2020.11.17.v Line: 353
Warning (10235): Verilog HDL Always Construct warning at ARKLED_2020.11.17.v(354): variable "ZeroBits" is read inside the Always Construct but isn't in the Always Construct's Event Control File: D:/QuartusProjects/Experimen2/ARKLED_2020.11.17.v Line: 354
Warning (10235): Verilog HDL Always Construct warning at ARKLED_2020.11.17.v(355): variable "ZeroBits" is read inside the Always Construct but isn't in the Always Construct's Event Control File: D:/QuartusProjects/Experimen2/ARKLED_2020.11.17.v Line: 355
Warning (10235): Verilog HDL Always Construct warning at ARKLED_2020.11.17.v(356): variable "ZeroBits" is read inside the Always Construct but isn't in the Always Construct's Event Control File: D:/QuartusProjects/Experimen2/ARKLED_2020.11.17.v Line: 356
Warning (10235): Verilog HDL Always Construct warning at ARKLED_2020.11.17.v(357): variable "ZeroBits" is read inside the Always Construct but isn't in the Always Construct's Event Control File: D:/QuartusProjects/Experimen2/ARKLED_2020.11.17.v Line: 357
Warning (10235): Verilog HDL Always Construct warning at ARKLED_2020.11.17.v(358): variable "ZeroBits" is read inside the Always Construct but isn't in the Always Construct's Event Control File: D:/QuartusProjects/Experimen2/ARKLED_2020.11.17.v Line: 358
Warning (10235): Verilog HDL Always Construct warning at ARKLED_2020.11.17.v(364): variable "ZeroBits" is read inside the Always Construct but isn't in the Always Construct's Event Control File: D:/QuartusProjects/Experimen2/ARKLED_2020.11.17.v Line: 364
Warning (10235): Verilog HDL Always Construct warning at ARKLED_2020.11.17.v(365): variable "ZeroBits" is read inside the Always Construct but isn't in the Always Construct's Event Control File: D:/QuartusProjects/Experimen2/ARKLED_2020.11.17.v Line: 365
Warning (10235): Verilog HDL Always Construct warning at ARKLED_2020.11.17.v(366): variable "ZeroBits" is read inside the Always Construct but isn't in the Always Construct's Event Control File: D:/QuartusProjects/Experimen2/ARKLED_2020.11.17.v Line: 366
Warning (10235): Verilog HDL Always Construct warning at ARKLED_2020.11.17.v(367): variable "ZeroBits" is read inside the Always Construct but isn't in the Always Construct's Event Control File: D:/QuartusProjects/Experimen2/ARKLED_2020.11.17.v Line: 367
Warning (10235): Verilog HDL Always Construct warning at ARKLED_2020.11.17.v(368): variable "ZeroBits" is read inside the Always Construct but isn't in the Always Construct's Event Control File: D:/QuartusProjects/Experimen2/ARKLED_2020.11.17.v Line: 368
Warning (10235): Verilog HDL Always Construct warning at ARKLED_2020.11.17.v(369): variable "ZeroBits" is read inside the Always Construct but isn't in the Always Construct's Event Control File: D:/QuartusProjects/Experimen2/ARKLED_2020.11.17.v Line: 369
Warning (10235): Verilog HDL Always Construct warning at ARKLED_2020.11.17.v(370): variable "ZeroBits" is read inside the Always Construct but isn't in the Always Construct's Event Control File: D:/QuartusProjects/Experimen2/ARKLED_2020.11.17.v Line: 370
Warning (10235): Verilog HDL Always Construct warning at ARKLED_2020.11.17.v(371): variable "ZeroBits" is read inside the Always Construct but isn't in the Always Construct's Event Control File: D:/QuartusProjects/Experimen2/ARKLED_2020.11.17.v Line: 371
Info (12128): Elaborating entity "Beeper" for hierarchy "Beeper:m4" File: D:/QuartusProjects/Experimen2/ARKLED_2020.11.17.v Line: 34
Warning (10230): Verilog HDL assignment warning at ARKLED_2020.11.17.v(406): truncated value with size 19 to match size of target (4) File: D:/QuartusProjects/Experimen2/ARKLED_2020.11.17.v Line: 406
Warning (10230): Verilog HDL assignment warning at ARKLED_2020.11.17.v(412): truncated value with size 19 to match size of target (4) File: D:/QuartusProjects/Experimen2/ARKLED_2020.11.17.v Line: 412
Info (10264): Verilog HDL Case Statement information at ARKLED_2020.11.17.v(432): all case item expressions in this case statement are onehot File: D:/QuartusProjects/Experimen2/ARKLED_2020.11.17.v Line: 432
Info (10264): Verilog HDL Case Statement information at ARKLED_2020.11.17.v(445): all case item expressions in this case statement are onehot File: D:/QuartusProjects/Experimen2/ARKLED_2020.11.17.v Line: 445
Info (10264): Verilog HDL Case Statement information at ARKLED_2020.11.17.v(458): all case item expressions in this case statement are onehot File: D:/QuartusProjects/Experimen2/ARKLED_2020.11.17.v Line: 458
Info (10264): Verilog HDL Case Statement information at ARKLED_2020.11.17.v(471): all case item expressions in this case statement are onehot File: D:/QuartusProjects/Experimen2/ARKLED_2020.11.17.v Line: 471
Info (12128): Elaborating entity "SEGPrinter" for hierarchy "SEGPrinter:m5" File: D:/QuartusProjects/Experimen2/ARKLED_2020.11.17.v Line: 35
Info (10264): Verilog HDL Case Statement information at ARKLED_2020.11.17.v(496): all case item expressions in this case statement are onehot File: D:/QuartusProjects/Experimen2/ARKLED_2020.11.17.v Line: 496
Warning (13024): Output pins are stuck at VCC or GND
    Warning (13410): Pin "COL_RED[7]" is stuck at GND File: D:/QuartusProjects/Experimen2/ARKLED_2020.11.17.v Line: 6
    Warning (13410): Pin "COL_GREEN[7]" is stuck at GND File: D:/QuartusProjects/Experimen2/ARKLED_2020.11.17.v Line: 6
    Warning (13410): Pin "SEG_Neg[0]" is stuck at VCC File: D:/QuartusProjects/Experimen2/ARKLED_2020.11.17.v Line: 12
    Warning (13410): Pin "SEG_Neg[1]" is stuck at VCC File: D:/QuartusProjects/Experimen2/ARKLED_2020.11.17.v Line: 12
    Warning (13410): Pin "SEG_Neg[2]" is stuck at VCC File: D:/QuartusProjects/Experimen2/ARKLED_2020.11.17.v Line: 12
    Warning (13410): Pin "SEG_Neg[3]" is stuck at VCC File: D:/QuartusProjects/Experimen2/ARKLED_2020.11.17.v Line: 12
    Warning (13410): Pin "SEG_Neg[4]" is stuck at VCC File: D:/QuartusProjects/Experimen2/ARKLED_2020.11.17.v Line: 12
    Warning (13410): Pin "SEG_Neg[5]" is stuck at VCC File: D:/QuartusProjects/Experimen2/ARKLED_2020.11.17.v Line: 12
    Warning (13410): Pin "SEG_Neg[6]" is stuck at VCC File: D:/QuartusProjects/Experimen2/ARKLED_2020.11.17.v Line: 12
    Warning (13410): Pin "SEG_Neg[7]" is stuck at GND File: D:/QuartusProjects/Experimen2/ARKLED_2020.11.17.v Line: 12
Info (21057): Implemented 244 device resources after synthesis - the final resource count might be different
    Info (21058): Implemented 12 input pins
    Info (21059): Implemented 40 output pins
    Info (21061): Implemented 192 logic cells
Info (144001): Generated suppressed messages file D:/QuartusProjects/Experimen2/output_files/ARKLED_Switch_Keys.map.smsg
Info: Quartus Prime Analysis & Synthesis was successful. 0 errors, 44 warnings
    Info: Peak virtual memory: 4732 megabytes
    Info: Processing ended: Sun Nov 22 22:50:54 2020
    Info: Elapsed time: 00:00:15
    Info: Total CPU time (on all processors): 00:00:29


+------------------------------------------+
; Analysis & Synthesis Suppressed Messages ;
+------------------------------------------+
The suppressed messages can be found in D:/QuartusProjects/Experimen2/output_files/ARKLED_Switch_Keys.map.smsg.


