Analysis & Synthesis report for Piano
Tue Dec 15 13:35:05 2020
Quartus Prime Version 20.1.0 Build 711 06/05/2020 SJ Lite Edition


---------------------
; Table of Contents ;
---------------------
  1. Legal Notice
  2. Analysis & Synthesis Summary
  3. Analysis & Synthesis Settings
  4. Parallel Compilation
  5. Analysis & Synthesis Source Files Read
  6. Analysis & Synthesis Resource Usage Summary
  7. Analysis & Synthesis Resource Utilization by Entity
  8. User-Specified and Inferred Latches
  9. General Register Statistics
 10. Multiplexer Restructuring Statistics (Restructuring Performed)
 11. Analysis & Synthesis Messages
 12. Analysis & Synthesis Suppressed Messages



----------------
; Legal Notice ;
----------------
Copyright (C) 2020  Intel Corporation. All rights reserved.
Your use of Intel Corporation's design tools, logic functions 
and other software and tools, and any partner logic 
functions, and any output files from any of the foregoing 
(including device programming or simulation files), and any 
associated documentation or information are expressly subject 
to the terms and conditions of the Intel Program License 
Subscription Agreement, the Intel Quartus Prime License Agreement,
the Intel FPGA IP License Agreement, or other applicable license
agreement, including, without limitation, that your use is for
the sole purpose of programming logic devices manufactured by
Intel and sold by Intel or its authorized distributors.  Please
refer to the applicable agreement for further details, at
https://fpgasoftware.intel.com/eula.



+---------------------------------------------------------------------------+
; Analysis & Synthesis Summary                                              ;
+-----------------------------+---------------------------------------------+
; Analysis & Synthesis Status ; Successful - Tue Dec 15 13:35:05 2020       ;
; Quartus Prime Version       ; 20.1.0 Build 711 06/05/2020 SJ Lite Edition ;
; Revision Name               ; Piano                                       ;
; Top-level Entity Name       ; Piano                                       ;
; Family                      ; MAX II                                      ;
; Total logic elements        ; 263                                         ;
; Total pins                  ; 52                                          ;
; Total virtual pins          ; 0                                           ;
; UFM blocks                  ; 0 / 1 ( 0 % )                               ;
+-----------------------------+---------------------------------------------+


+------------------------------------------------------------------------------------------------------------+
; Analysis & Synthesis Settings                                                                              ;
+------------------------------------------------------------------+--------------------+--------------------+
; Option                                                           ; Setting            ; Default Value      ;
+------------------------------------------------------------------+--------------------+--------------------+
; Device                                                           ; EPM1270T144C5      ;                    ;
; Top-level entity name                                            ; Piano              ; Piano              ;
; Family name                                                      ; MAX II             ; Cyclone V          ;
; Use smart compilation                                            ; Off                ; Off                ;
; Enable parallel Assembler and Timing Analyzer during compilation ; On                 ; On                 ;
; Enable compact report table                                      ; Off                ; Off                ;
; Restructure Multiplexers                                         ; Auto               ; Auto               ;
; Create Debugging Nodes for IP Cores                              ; Off                ; Off                ;
; Preserve fewer node names                                        ; On                 ; On                 ;
; Intel FPGA IP Evaluation Mode                                    ; Enable             ; Enable             ;
; Verilog Version                                                  ; Verilog_2001       ; Verilog_2001       ;
; VHDL Version                                                     ; VHDL_1993          ; VHDL_1993          ;
; State Machine Processing                                         ; Auto               ; Auto               ;
; Safe State Machine                                               ; Off                ; Off                ;
; Extract Verilog State Machines                                   ; On                 ; On                 ;
; Extract VHDL State Machines                                      ; On                 ; On                 ;
; Ignore Verilog initial constructs                                ; Off                ; Off                ;
; Iteration limit for constant Verilog loops                       ; 5000               ; 5000               ;
; Iteration limit for non-constant Verilog loops                   ; 250                ; 250                ;
; Add Pass-Through Logic to Inferred RAMs                          ; On                 ; On                 ;
; Infer RAMs from Raw Logic                                        ; On                 ; On                 ;
; Parallel Synthesis                                               ; On                 ; On                 ;
; NOT Gate Push-Back                                               ; On                 ; On                 ;
; Power-Up Don't Care                                              ; On                 ; On                 ;
; Remove Redundant Logic Cells                                     ; Off                ; Off                ;
; Remove Duplicate Registers                                       ; On                 ; On                 ;
; Ignore CARRY Buffers                                             ; Off                ; Off                ;
; Ignore CASCADE Buffers                                           ; Off                ; Off                ;
; Ignore GLOBAL Buffers                                            ; Off                ; Off                ;
; Ignore ROW GLOBAL Buffers                                        ; Off                ; Off                ;
; Ignore LCELL Buffers                                             ; Off                ; Off                ;
; Ignore SOFT Buffers                                              ; On                 ; On                 ;
; Limit AHDL Integers to 32 Bits                                   ; Off                ; Off                ;
; Optimization Technique                                           ; Balanced           ; Balanced           ;
; Carry Chain Length                                               ; 70                 ; 70                 ;
; Auto Carry Chains                                                ; On                 ; On                 ;
; Auto Open-Drain Pins                                             ; On                 ; On                 ;
; Perform WYSIWYG Primitive Resynthesis                            ; Off                ; Off                ;
; Auto Shift Register Replacement                                  ; Auto               ; Auto               ;
; Allow Shift Register Merging across Hierarchies                  ; Auto               ; Auto               ;
; Auto Clock Enable Replacement                                    ; On                 ; On                 ;
; Allow Synchronous Control Signals                                ; On                 ; On                 ;
; Force Use of Synchronous Clear Signals                           ; Off                ; Off                ;
; Auto Resource Sharing                                            ; Off                ; Off                ;
; Use LogicLock Constraints during Resource Balancing              ; On                 ; On                 ;
; Ignore translate_off and synthesis_off directives                ; Off                ; Off                ;
; Report Parameter Settings                                        ; On                 ; On                 ;
; Report Source Assignments                                        ; On                 ; On                 ;
; Report Connectivity Checks                                       ; On                 ; On                 ;
; Ignore Maximum Fan-Out Assignments                               ; Off                ; Off                ;
; Synchronization Register Chain Length                            ; 2                  ; 2                  ;
; Power Optimization During Synthesis                              ; Normal compilation ; Normal compilation ;
; HDL message level                                                ; Level2             ; Level2             ;
; Suppress Register Optimization Related Messages                  ; Off                ; Off                ;
; Number of Removed Registers Reported in Synthesis Report         ; 5000               ; 5000               ;
; Number of Swept Nodes Reported in Synthesis Report               ; 5000               ; 5000               ;
; Number of Inverted Registers Reported in Synthesis Report        ; 100                ; 100                ;
; Clock MUX Protection                                             ; On                 ; On                 ;
; Block Design Naming                                              ; Auto               ; Auto               ;
; Synthesis Effort                                                 ; Auto               ; Auto               ;
; Shift Register Replacement - Allow Asynchronous Clear Signal     ; On                 ; On                 ;
; Analysis & Synthesis Message Level                               ; Medium             ; Medium             ;
; Disable Register Merging Across Hierarchies                      ; Auto               ; Auto               ;
+------------------------------------------------------------------+--------------------+--------------------+


+------------------------------------------+
; Parallel Compilation                     ;
+----------------------------+-------------+
; Processors                 ; Number      ;
+----------------------------+-------------+
; Number detected on machine ; 12          ;
; Maximum allowed            ; 6           ;
;                            ;             ;
; Average used               ; 1.00        ;
; Maximum used               ; 1           ;
;                            ;             ;
; Usage by Processor         ; % Time Used ;
;     Processor 1            ; 100.0%      ;
+----------------------------+-------------+


+--------------------------------------------------------------------------------------------------------------------------------+
; Analysis & Synthesis Source Files Read                                                                                         ;
+----------------------------------+-----------------+------------------------+----------------------------------------+---------+
; File Name with User-Entered Path ; Used in Netlist ; File Type              ; File Name with Absolute Path           ; Library ;
+----------------------------------+-----------------+------------------------+----------------------------------------+---------+
; Piano.v                          ; yes             ; User Verilog HDL File  ; D:/QuartusProjects/Experiment3/Piano.v ;         ;
+----------------------------------+-----------------+------------------------+----------------------------------------+---------+


+-----------------------------------------------------+
; Analysis & Synthesis Resource Usage Summary         ;
+---------------------------------------------+-------+
; Resource                                    ; Usage ;
+---------------------------------------------+-------+
; Total logic elements                        ; 263   ;
;     -- Combinational with no register       ; 204   ;
;     -- Register only                        ; 21    ;
;     -- Combinational with a register        ; 38    ;
;                                             ;       ;
; Logic element usage by number of LUT inputs ;       ;
;     -- 4 input functions                    ; 119   ;
;     -- 3 input functions                    ; 47    ;
;     -- 2 input functions                    ; 72    ;
;     -- 1 input functions                    ; 4     ;
;     -- 0 input functions                    ; 0     ;
;                                             ;       ;
; Logic elements by mode                      ;       ;
;     -- normal mode                          ; 211   ;
;     -- arithmetic mode                      ; 52    ;
;     -- qfbk mode                            ; 0     ;
;     -- register cascade mode                ; 0     ;
;     -- synchronous clear/load mode          ; 20    ;
;     -- asynchronous clear/load mode         ; 0     ;
;                                             ;       ;
; Total registers                             ; 59    ;
; Total logic cells in carry chains           ; 55    ;
; I/O pins                                    ; 52    ;
; Maximum fan-out node                        ; CLK   ;
; Maximum fan-out                             ; 59    ;
; Total fan-out                               ; 900   ;
; Average fan-out                             ; 2.86  ;
+---------------------------------------------+-------+


+--------------------------------------------------------------------------------------------------------------------------------------------------------------------------------------------------------------------------------------+
; Analysis & Synthesis Resource Utilization by Entity                                                                                                                                                                                  ;
+----------------------------+-------------+--------------+------------+------+--------------+--------------+-------------------+------------------+-----------------+------------+-----------------------+-------------+--------------+
; Compilation Hierarchy Node ; Logic Cells ; LC Registers ; UFM Blocks ; Pins ; Virtual Pins ; LUT-Only LCs ; Register-Only LCs ; LUT/Register LCs ; Carry Chain LCs ; Packed LCs ; Full Hierarchy Name   ; Entity Name ; Library Name ;
+----------------------------+-------------+--------------+------------+------+--------------+--------------+-------------------+------------------+-----------------+------------+-----------------------+-------------+--------------+
; |Piano                     ; 263 (8)     ; 59           ; 0          ; 52   ; 0            ; 204 (8)      ; 21 (0)            ; 38 (0)           ; 55 (0)          ; 0 (0)      ; |Piano                ; Piano       ; work         ;
;    |ARKPrinter:m3|         ; 44 (44)     ; 0            ; 0          ; 0    ; 0            ; 44 (44)      ; 0 (0)             ; 0 (0)            ; 0 (0)           ; 0 (0)      ; |Piano|ARKPrinter:m3  ; ARKPrinter  ; work         ;
;    |AutoMode:m1|           ; 89 (89)     ; 35           ; 0          ; 0    ; 0            ; 54 (54)      ; 21 (21)           ; 14 (14)          ; 35 (35)         ; 0 (0)      ; |Piano|AutoMode:m1    ; AutoMode    ; work         ;
;    |Beeper:m4|             ; 100 (100)   ; 21           ; 0          ; 0    ; 0            ; 79 (79)      ; 0 (0)             ; 21 (21)          ; 20 (20)         ; 0 (0)      ; |Piano|Beeper:m4      ; Beeper      ; work         ;
;    |Mod8Counter:m2|        ; 3 (3)       ; 3            ; 0          ; 0    ; 0            ; 0 (0)        ; 0 (0)             ; 3 (3)            ; 0 (0)           ; 0 (0)      ; |Piano|Mod8Counter:m2 ; Mod8Counter ; work         ;
;    |SEGPrinter:m5|         ; 19 (19)     ; 0            ; 0          ; 0    ; 0            ; 19 (19)      ; 0 (0)             ; 0 (0)            ; 0 (0)           ; 0 (0)      ; |Piano|SEGPrinter:m5  ; SEGPrinter  ; work         ;
+----------------------------+-------------+--------------+------------+------+--------------+--------------+-------------------+------------------+-----------------+------------+-----------------------+-------------+--------------+
Note: For table entries with two numbers listed, the numbers in parentheses indicate the number of resources of the given type used by the specific entity alone. The numbers listed outside of parentheses indicate the total resources of the given type used by the specific entity and all of its sub-entities in the hierarchy.


+---------------------------------------------------------------------------------------------------+
; User-Specified and Inferred Latches                                                               ;
+----------------------------------------------------+---------------------+------------------------+
; Latch Name                                         ; Latch Enable Signal ; Free of Timing Hazards ;
+----------------------------------------------------+---------------------+------------------------+
; AutoMode:m1|KeyState[6]                            ; Equal0              ; yes                    ;
; AutoMode:m1|KeyState[5]                            ; Equal0              ; yes                    ;
; AutoMode:m1|KeyState[4]                            ; Equal0              ; yes                    ;
; AutoMode:m1|KeyState[3]                            ; Equal0              ; yes                    ;
; AutoMode:m1|KeyState[2]                            ; Equal0              ; yes                    ;
; AutoMode:m1|KeyState[1]                            ; Equal0              ; yes                    ;
; Number of user-specified and inferred latches = 6  ;                     ;                        ;
+----------------------------------------------------+---------------------+------------------------+
Note: All latches listed above may not be present at the end of synthesis due to various synthesis optimizations.


+------------------------------------------------------+
; General Register Statistics                          ;
+----------------------------------------------+-------+
; Statistic                                    ; Value ;
+----------------------------------------------+-------+
; Total registers                              ; 59    ;
; Number of registers using Synchronous Clear  ; 20    ;
; Number of registers using Synchronous Load   ; 0     ;
; Number of registers using Asynchronous Clear ; 0     ;
; Number of registers using Asynchronous Load  ; 0     ;
; Number of registers using Clock Enable       ; 5     ;
; Number of registers using Preset             ; 0     ;
+----------------------------------------------+-------+


+-------------------------------------------------------------------------------------------------------------------------------------------------+
; Multiplexer Restructuring Statistics (Restructuring Performed)                                                                                  ;
+--------------------+-----------+---------------+----------------------+------------------------+------------+-----------------------------------+
; Multiplexer Inputs ; Bus Width ; Baseline Area ; Area if Restructured ; Saving if Restructured ; Registered ; Example Multiplexer Output        ;
+--------------------+-----------+---------------+----------------------+------------------------+------------+-----------------------------------+
; 3:1                ; 20 bits   ; 40 LEs        ; 20 LEs               ; 20 LEs                 ; Yes        ; |Piano|Beeper:m4|Counter[5]       ;
; 4:1                ; 13 bits   ; 26 LEs        ; 26 LEs               ; 0 LEs                  ; No         ; |Piano|Beeper:m4|f[0]             ;
; 4:1                ; 7 bits    ; 14 LEs        ; 7 LEs                ; 7 LEs                  ; No         ; |Piano|ARKPrinter:m3|COL_GREEN[3] ;
+--------------------+-----------+---------------+----------------------+------------------------+------------+-----------------------------------+


+-------------------------------+
; Analysis & Synthesis Messages ;
+-------------------------------+
Info: *******************************************************************
Info: Running Quartus Prime Analysis & Synthesis
    Info: Version 20.1.0 Build 711 06/05/2020 SJ Lite Edition
    Info: Processing started: Tue Dec 15 13:34:54 2020
Info: Command: quartus_map --read_settings_files=on --write_settings_files=off Piano -c Piano
Warning (18236): Number of processors has not been specified which may cause overloading on shared machines.  Set the global assignment NUM_PARALLEL_PROCESSORS in your QSF to an appropriate value for best performance.
Info (20030): Parallel compilation is enabled and will use 6 of the 6 processors detected
Info (12021): Found 6 design units, including 6 entities, in source file piano.v
    Info (12023): Found entity 1: Piano File: D:/QuartusProjects/Experiment3/Piano.v Line: 3
    Info (12023): Found entity 2: Mod8Counter File: D:/QuartusProjects/Experiment3/Piano.v Line: 36
    Info (12023): Found entity 3: ARKPrinter File: D:/QuartusProjects/Experiment3/Piano.v Line: 53
    Info (12023): Found entity 4: Beeper File: D:/QuartusProjects/Experiment3/Piano.v Line: 328
    Info (12023): Found entity 5: SEGPrinter File: D:/QuartusProjects/Experiment3/Piano.v Line: 409
    Info (12023): Found entity 6: AutoMode File: D:/QuartusProjects/Experiment3/Piano.v Line: 432
Info (12021): Found 1 design units, including 1 entities, in source file testbench_piano.v
    Info (12023): Found entity 1: PianoTest File: D:/QuartusProjects/Experiment3/Testbench_Piano.v Line: 5
Info (12127): Elaborating entity "Piano" for the top level hierarchy
Info (12128): Elaborating entity "AutoMode" for hierarchy "AutoMode:m1" File: D:/QuartusProjects/Experiment3/Piano.v Line: 28
Warning (10240): Verilog HDL Always Construct warning at Piano.v(464): inferring latch(es) for variable "KeyState", which holds its previous value in one or more paths through the always construct File: D:/QuartusProjects/Experiment3/Piano.v Line: 464
Info (10041): Inferred latch for "KeyState[0]" at Piano.v(464) File: D:/QuartusProjects/Experiment3/Piano.v Line: 464
Info (10041): Inferred latch for "KeyState[1]" at Piano.v(464) File: D:/QuartusProjects/Experiment3/Piano.v Line: 464
Info (10041): Inferred latch for "KeyState[2]" at Piano.v(464) File: D:/QuartusProjects/Experiment3/Piano.v Line: 464
Info (10041): Inferred latch for "KeyState[3]" at Piano.v(464) File: D:/QuartusProjects/Experiment3/Piano.v Line: 464
Info (10041): Inferred latch for "KeyState[4]" at Piano.v(464) File: D:/QuartusProjects/Experiment3/Piano.v Line: 464
Info (10041): Inferred latch for "KeyState[5]" at Piano.v(464) File: D:/QuartusProjects/Experiment3/Piano.v Line: 464
Info (10041): Inferred latch for "KeyState[6]" at Piano.v(464) File: D:/QuartusProjects/Experiment3/Piano.v Line: 464
Info (12128): Elaborating entity "Mod8Counter" for hierarchy "Mod8Counter:m2" File: D:/QuartusProjects/Experiment3/Piano.v Line: 29
Info (12128): Elaborating entity "ARKPrinter" for hierarchy "ARKPrinter:m3" File: D:/QuartusProjects/Experiment3/Piano.v Line: 30
Warning (10235): Verilog HDL Always Construct warning at Piano.v(272): variable "Switch" is read inside the Always Construct but isn't in the Always Construct's Event Control File: D:/QuartusProjects/Experiment3/Piano.v Line: 272
Warning (10235): Verilog HDL Always Construct warning at Piano.v(285): variable "Switch" is read inside the Always Construct but isn't in the Always Construct's Event Control File: D:/QuartusProjects/Experiment3/Piano.v Line: 285
Warning (10235): Verilog HDL Always Construct warning at Piano.v(287): variable "ZeroBits" is read inside the Always Construct but isn't in the Always Construct's Event Control File: D:/QuartusProjects/Experiment3/Piano.v Line: 287
Warning (10235): Verilog HDL Always Construct warning at Piano.v(288): variable "ZeroBits" is read inside the Always Construct but isn't in the Always Construct's Event Control File: D:/QuartusProjects/Experiment3/Piano.v Line: 288
Warning (10235): Verilog HDL Always Construct warning at Piano.v(289): variable "ZeroBits" is read inside the Always Construct but isn't in the Always Construct's Event Control File: D:/QuartusProjects/Experiment3/Piano.v Line: 289
Warning (10235): Verilog HDL Always Construct warning at Piano.v(290): variable "ZeroBits" is read inside the Always Construct but isn't in the Always Construct's Event Control File: D:/QuartusProjects/Experiment3/Piano.v Line: 290
Warning (10235): Verilog HDL Always Construct warning at Piano.v(291): variable "ZeroBits" is read inside the Always Construct but isn't in the Always Construct's Event Control File: D:/QuartusProjects/Experiment3/Piano.v Line: 291
Warning (10235): Verilog HDL Always Construct warning at Piano.v(292): variable "ZeroBits" is read inside the Always Construct but isn't in the Always Construct's Event Control File: D:/QuartusProjects/Experiment3/Piano.v Line: 292
Warning (10235): Verilog HDL Always Construct warning at Piano.v(293): variable "ZeroBits" is read inside the Always Construct but isn't in the Always Construct's Event Control File: D:/QuartusProjects/Experiment3/Piano.v Line: 293
Warning (10235): Verilog HDL Always Construct warning at Piano.v(294): variable "ZeroBits" is read inside the Always Construct but isn't in the Always Construct's Event Control File: D:/QuartusProjects/Experiment3/Piano.v Line: 294
Warning (10235): Verilog HDL Always Construct warning at Piano.v(298): variable "Switch" is read inside the Always Construct but isn't in the Always Construct's Event Control File: D:/QuartusProjects/Experiment3/Piano.v Line: 298
Warning (10235): Verilog HDL Always Construct warning at Piano.v(300): variable "ZeroBits" is read inside the Always Construct but isn't in the Always Construct's Event Control File: D:/QuartusProjects/Experiment3/Piano.v Line: 300
Warning (10235): Verilog HDL Always Construct warning at Piano.v(301): variable "ZeroBits" is read inside the Always Construct but isn't in the Always Construct's Event Control File: D:/QuartusProjects/Experiment3/Piano.v Line: 301
Warning (10235): Verilog HDL Always Construct warning at Piano.v(302): variable "ZeroBits" is read inside the Always Construct but isn't in the Always Construct's Event Control File: D:/QuartusProjects/Experiment3/Piano.v Line: 302
Warning (10235): Verilog HDL Always Construct warning at Piano.v(303): variable "ZeroBits" is read inside the Always Construct but isn't in the Always Construct's Event Control File: D:/QuartusProjects/Experiment3/Piano.v Line: 303
Warning (10235): Verilog HDL Always Construct warning at Piano.v(304): variable "ZeroBits" is read inside the Always Construct but isn't in the Always Construct's Event Control File: D:/QuartusProjects/Experiment3/Piano.v Line: 304
Warning (10235): Verilog HDL Always Construct warning at Piano.v(305): variable "ZeroBits" is read inside the Always Construct but isn't in the Always Construct's Event Control File: D:/QuartusProjects/Experiment3/Piano.v Line: 305
Warning (10235): Verilog HDL Always Construct warning at Piano.v(306): variable "ZeroBits" is read inside the Always Construct but isn't in the Always Construct's Event Control File: D:/QuartusProjects/Experiment3/Piano.v Line: 306
Warning (10235): Verilog HDL Always Construct warning at Piano.v(307): variable "ZeroBits" is read inside the Always Construct but isn't in the Always Construct's Event Control File: D:/QuartusProjects/Experiment3/Piano.v Line: 307
Warning (10235): Verilog HDL Always Construct warning at Piano.v(313): variable "ZeroBits" is read inside the Always Construct but isn't in the Always Construct's Event Control File: D:/QuartusProjects/Experiment3/Piano.v Line: 313
Warning (10235): Verilog HDL Always Construct warning at Piano.v(314): variable "ZeroBits" is read inside the Always Construct but isn't in the Always Construct's Event Control File: D:/QuartusProjects/Experiment3/Piano.v Line: 314
Warning (10235): Verilog HDL Always Construct warning at Piano.v(315): variable "ZeroBits" is read inside the Always Construct but isn't in the Always Construct's Event Control File: D:/QuartusProjects/Experiment3/Piano.v Line: 315
Warning (10235): Verilog HDL Always Construct warning at Piano.v(316): variable "ZeroBits" is read inside the Always Construct but isn't in the Always Construct's Event Control File: D:/QuartusProjects/Experiment3/Piano.v Line: 316
Warning (10235): Verilog HDL Always Construct warning at Piano.v(317): variable "ZeroBits" is read inside the Always Construct but isn't in the Always Construct's Event Control File: D:/QuartusProjects/Experiment3/Piano.v Line: 317
Warning (10235): Verilog HDL Always Construct warning at Piano.v(318): variable "ZeroBits" is read inside the Always Construct but isn't in the Always Construct's Event Control File: D:/QuartusProjects/Experiment3/Piano.v Line: 318
Warning (10235): Verilog HDL Always Construct warning at Piano.v(319): variable "ZeroBits" is read inside the Always Construct but isn't in the Always Construct's Event Control File: D:/QuartusProjects/Experiment3/Piano.v Line: 319
Warning (10235): Verilog HDL Always Construct warning at Piano.v(320): variable "ZeroBits" is read inside the Always Construct but isn't in the Always Construct's Event Control File: D:/QuartusProjects/Experiment3/Piano.v Line: 320
Info (12128): Elaborating entity "Beeper" for hierarchy "Beeper:m4" File: D:/QuartusProjects/Experiment3/Piano.v Line: 31
Info (10264): Verilog HDL Case Statement information at Piano.v(365): all case item expressions in this case statement are onehot File: D:/QuartusProjects/Experiment3/Piano.v Line: 365
Info (10264): Verilog HDL Case Statement information at Piano.v(378): all case item expressions in this case statement are onehot File: D:/QuartusProjects/Experiment3/Piano.v Line: 378
Info (10264): Verilog HDL Case Statement information at Piano.v(391): all case item expressions in this case statement are onehot File: D:/QuartusProjects/Experiment3/Piano.v Line: 391
Info (12128): Elaborating entity "SEGPrinter" for hierarchy "SEGPrinter:m5" File: D:/QuartusProjects/Experiment3/Piano.v Line: 32
Info (10264): Verilog HDL Case Statement information at Piano.v(416): all case item expressions in this case statement are onehot File: D:/QuartusProjects/Experiment3/Piano.v Line: 416
Warning (13024): Output pins are stuck at VCC or GND
    Warning (13410): Pin "COL_RED[7]" is stuck at GND File: D:/QuartusProjects/Experiment3/Piano.v Line: 5
    Warning (13410): Pin "COL_GREEN[7]" is stuck at GND File: D:/QuartusProjects/Experiment3/Piano.v Line: 5
    Warning (13410): Pin "SEG_Neg[0]" is stuck at VCC File: D:/QuartusProjects/Experiment3/Piano.v Line: 11
    Warning (13410): Pin "SEG_Neg[1]" is stuck at VCC File: D:/QuartusProjects/Experiment3/Piano.v Line: 11
    Warning (13410): Pin "SEG_Neg[2]" is stuck at VCC File: D:/QuartusProjects/Experiment3/Piano.v Line: 11
    Warning (13410): Pin "SEG_Neg[3]" is stuck at VCC File: D:/QuartusProjects/Experiment3/Piano.v Line: 11
    Warning (13410): Pin "SEG_Neg[4]" is stuck at VCC File: D:/QuartusProjects/Experiment3/Piano.v Line: 11
    Warning (13410): Pin "SEG_Neg[5]" is stuck at VCC File: D:/QuartusProjects/Experiment3/Piano.v Line: 11
    Warning (13410): Pin "SEG_Neg[6]" is stuck at VCC File: D:/QuartusProjects/Experiment3/Piano.v Line: 11
    Warning (13410): Pin "SEG_Neg[7]" is stuck at GND File: D:/QuartusProjects/Experiment3/Piano.v Line: 11
Info (21057): Implemented 315 device resources after synthesis - the final resource count might be different
    Info (21058): Implemented 12 input pins
    Info (21059): Implemented 40 output pins
    Info (21061): Implemented 263 logic cells
Info (144001): Generated suppressed messages file D:/QuartusProjects/Experiment3/output_files/Piano.map.smsg
Info: Quartus Prime Analysis & Synthesis was successful. 0 errors, 40 warnings
    Info: Peak virtual memory: 4733 megabytes
    Info: Processing ended: Tue Dec 15 13:35:05 2020
    Info: Elapsed time: 00:00:11
    Info: Total CPU time (on all processors): 00:00:21


+------------------------------------------+
; Analysis & Synthesis Suppressed Messages ;
+------------------------------------------+
The suppressed messages can be found in D:/QuartusProjects/Experiment3/output_files/Piano.map.smsg.


